<?xml version="1.0" encoding="UTF-8"?>
<!-- Generated by org.testng.reporters.JUnitXMLReporter -->
<testsuite hostname="LAPTOP-OFQ0AK5L" ignored="0" name="Default test" tests="5" failures="0" timestamp="23 Feb 2022 00:27:13 GMT" time="0.458" errors="0">
  <testcase name="testData" time="0.014" classname="com.w2a.TestDataProjectUtilities.TestParameterization"/>
  <testcase name="testData" time="0.001" classname="com.w2a.TestDataProjectUtilities.TestParameterization"/>
  <testcase name="testData" time="0.001" classname="com.w2a.TestDataProjectUtilities.TestParameterization"/>
  <testcase name="testData" time="0.001" classname="com.w2a.TestDataProjectUtilities.TestParameterization"/>
  <testcase name="testData" time="0.001" classname="com.w2a.TestDataProjectUtilities.TestParameterization"/>
</testsuite> <!-- Default test -->
